# JRE version: Java(TM) SE Runtime Environment (17.0.11+7) (build 17.0.11+7-LTS-207)
# Java VM: Java HotSpot(TM) 64-Bit Server VM (17.0.11+7-LTS-207, mixed mode, sharing, tiered, compressed oops, compressed class ptrs, g1 gc, windows-amd64)
GC Precious Log:
 CPUs: 4 total, 4 available
 Memory: 3500M
 Large Page Support: Disabled
 NUMA Support: Disabled
 Compressed Oops: Enabled (Zero based)
 Heap Region Size: 2M
 Heap Min Capacity: 8M
 Heap Initial Capacity: 56M
 Heap Max Capacity: 4G
 Pre-touch: Disabled
 Parallel Workers: 4
 Concurrent Workers: 1
 Concurrent Refinement Workers: 4
 Periodic GC: Disabled
Heap:
 garbage-first heap   total 122880K, used 81942K [0x0000000700000000, 0x0000000800000000)
  region size 2048K, 7 young (14336K), 2 survivors (4096K)
 Metaspace       used 71036K, committed 71808K, reserved 1114112K
  class space    used 9774K, committed 10112K, reserved 1048576K
GC Heap History (20 events):
Event: 218.364 GC heap before
{Heap before GC invocations=28 (full 0):
 garbage-first heap   total 106496K, used 81321K [0x0000000700000000, 0x0000000800000000)
  region size 2048K, 24 young (49152K), 3 survivors (6144K)
 Metaspace       used 54193K, committed 54784K, reserved 1114112K
  class space    used 7700K, committed 7936K, reserved 1048576K
}
Event: 218.390 GC heap after
{Heap after GC invocations=29 (full 0):
 garbage-first heap   total 106496K, used 41572K [0x0000000700000000, 0x0000000800000000)
  region size 2048K, 3 young (6144K), 3 survivors (6144K)
 Metaspace       used 54193K, committed 54784K, reserved 1114112K
  class space    used 7700K, committed 7936K, reserved 1048576K
}
Event: 226.584 GC heap before
{Heap before GC invocations=29 (full 0):
 garbage-first heap   total 106496K, used 84580K [0x0000000700000000, 0x0000000800000000)
  region size 2048K, 24 young (49152K), 3 survivors (6144K)
 Metaspace       used 56144K, committed 56832K, reserved 1114112K
  class space    used 7921K, committed 8256K, reserved 1048576K
}
Event: 226.617 GC heap after
{Heap after GC invocations=30 (full 0):
 garbage-first heap   total 106496K, used 43432K [0x0000000700000000, 0x0000000800000000)
  region size 2048K, 3 young (6144K), 3 survivors (6144K)
 Metaspace       used 56144K, committed 56832K, reserved 1114112K
  class space    used 7921K, committed 8256K, reserved 1048576K
}
Event: 234.685 GC heap before
{Heap before GC invocations=30 (full 0):
 garbage-first heap   total 106496K, used 88488K [0x0000000700000000, 0x0000000800000000)
  region size 2048K, 23 young (47104K), 3 survivors (6144K)
 Metaspace       used 58462K, committed 59200K, reserved 1114112K
  class space    used 8226K, committed 8576K, reserved 1048576K
}
Event: 234.725 GC heap after
{Heap after GC invocations=31 (full 0):
 garbage-first heap   total 108544K, used 60377K [0x0000000700000000, 0x0000000800000000)
  region size 2048K, 3 young (6144K), 3 survivors (6144K)
 Metaspace       used 58462K, committed 59200K, reserved 1114112K
  class space    used 8226K, committed 8576K, reserved 1048576K
}
Event: 243.733 GC heap before
{Heap before GC invocations=31 (full 0):
 garbage-first heap   total 108544K, used 87001K [0x0000000700000000, 0x0000000800000000)
  region size 2048K, 16 young (32768K), 3 survivors (6144K)
 Metaspace       used 62176K, committed 62848K, reserved 1114112K
  class space    used 8662K, committed 8960K, reserved 1048576K
}
Event: 243.756 GC heap after
{Heap after GC invocations=32 (full 0):
 garbage-first heap   total 108544K, used 62169K [0x0000000700000000, 0x0000000800000000)
  region size 2048K, 1 young (2048K), 1 survivors (2048K)
 Metaspace       used 62176K, committed 62848K, reserved 1114112K
  class space    used 8662K, committed 8960K, reserved 1048576K
}
Event: 248.733 GC heap before
{Heap before GC invocations=33 (full 0):
 garbage-first heap   total 110592K, used 86745K [0x0000000700000000, 0x0000000800000000)
  region size 2048K, 14 young (28672K), 1 survivors (2048K)
 Metaspace       used 64643K, committed 65408K, reserved 1114112K
  class space    used 8951K, committed 9280K, reserved 1048576K
}
Event: 248.750 GC heap after
{Heap after GC invocations=34 (full 0):
 garbage-first heap   total 110592K, used 68059K [0x0000000700000000, 0x0000000800000000)
  region size 2048K, 2 young (4096K), 2 survivors (4096K)
 Metaspace       used 64643K, committed 65408K, reserved 1114112K
  class space    used 8951K, committed 9280K, reserved 1048576K
}
Event: 248.766 GC heap before
{Heap before GC invocations=34 (full 0):
 garbage-first heap   total 110592K, used 70107K [0x0000000700000000, 0x0000000800000000)
  region size 2048K, 3 young (6144K), 2 survivors (4096K)
 Metaspace       used 64643K, committed 65408K, reserved 1114112K
  class space    used 8951K, committed 9280K, reserved 1048576K
}
Event: 248.778 GC heap after
{Heap after GC invocations=35 (full 0):
 garbage-first heap   total 110592K, used 69684K [0x0000000700000000, 0x0000000800000000)
  region size 2048K, 1 young (2048K), 1 survivors (2048K)
 Metaspace       used 64643K, committed 65408K, reserved 1114112K
  class space    used 8951K, committed 9280K, reserved 1048576K
}
Event: 252.982 GC heap before
{Heap before GC invocations=35 (full 0):
 garbage-first heap   total 110592K, used 86068K [0x0000000700000000, 0x0000000800000000)
  region size 2048K, 9 young (18432K), 1 survivors (2048K)
 Metaspace       used 66045K, committed 66752K, reserved 1114112K
  class space    used 9142K, committed 9472K, reserved 1048576K
}
Event: 252.998 GC heap after
{Heap after GC invocations=36 (full 0):
 garbage-first heap   total 110592K, used 70624K [0x0000000700000000, 0x0000000800000000)
  region size 2048K, 2 young (4096K), 2 survivors (4096K)
 Metaspace       used 66045K, committed 66752K, reserved 1114112K
  class space    used 9142K, committed 9472K, reserved 1048576K
}
Event: 255.694 GC heap before
{Heap before GC invocations=37 (full 0):
 garbage-first heap   total 122880K, used 86136K [0x0000000700000000, 0x0000000800000000)
  region size 2048K, 10 young (20480K), 2 survivors (4096K)
 Metaspace       used 67101K, committed 67776K, reserved 1114112K
  class space    used 9269K, committed 9600K, reserved 1048576K
}
Event: 255.708 GC heap after
{Heap after GC invocations=38 (full 0):
 garbage-first heap   total 122880K, used 70216K [0x0000000700000000, 0x0000000800000000)
  region size 2048K, 2 young (4096K), 2 survivors (4096K)
 Metaspace       used 67101K, committed 67776K, reserved 1114112K
  class space    used 9269K, committed 9600K, reserved 1048576K
}
Event: 260.648 GC heap before
{Heap before GC invocations=38 (full 0):
 garbage-first heap   total 122880K, used 96840K [0x0000000700000000, 0x0000000800000000)
  region size 2048K, 15 young (30720K), 2 survivors (4096K)
 Metaspace       used 69239K, committed 69952K, reserved 1114112K
  class space    used 9528K, committed 9856K, reserved 1048576K
}
Event: 260.665 GC heap after
{Heap after GC invocations=39 (full 0):
 garbage-first heap   total 122880K, used 71554K [0x0000000700000000, 0x0000000800000000)
  region size 2048K, 2 young (4096K), 2 survivors (4096K)
 Metaspace       used 69239K, committed 69952K, reserved 1114112K
  class space    used 9528K, committed 9856K, reserved 1048576K
}
Event: 264.834 GC heap before
{Heap before GC invocations=39 (full 0):
 garbage-first heap   total 122880K, used 98178K [0x0000000700000000, 0x0000000800000000)
  region size 2048K, 15 young (30720K), 2 survivors (4096K)
 Metaspace       used 70904K, committed 71680K, reserved 1114112K
  class space    used 9747K, committed 10112K, reserved 1048576K
}
Event: 264.852 GC heap after
{Heap after GC invocations=40 (full 0):
 garbage-first heap   total 122880K, used 73750K [0x0000000700000000, 0x0000000800000000)
  region size 2048K, 2 young (4096K), 2 survivors (4096K)
 Metaspace       used 70904K, committed 71680K, reserved 1114112K
  class space    used 9747K, committed 10112K, reserved 1048576K
}

