# JRE version: OpenJDK Runtime Environment Temurin-17.0.11+9 (17.0.11+9) (build 17.0.11+9)
# Java VM: OpenJDK 64-Bit Server VM Temurin-17.0.11+9 (17.0.11+9, mixed mode, tiered, compressed oops, compressed class ptrs, parallel gc, windows-amd64)
GC Precious Log:
 CPUs: 4 total, 4 available
 Memory: 3500M
 Large Page Support: Disabled
 NUMA Support: Disabled
 Compressed Oops: Enabled (32-bit)
 Alignments: Space 512K, Generation 512K, Heap 2M
 Heap Min Capacity: 100M
 Heap Initial Capacity: 100M
 Heap Max Capacity: 1G
 Pre-touch: Disabled
 Parallel Workers: 4
Heap:
 PSYoungGen      total 23040K, used 13180K [0x00000000eab00000, 0x00000000ecb00000, 0x0000000100000000)
  eden space 22016K, 56% used [0x00000000eab00000,0x00000000eb73f370,0x00000000ec080000)
  from space 1024K, 62% used [0x00000000eca00000,0x00000000ecaa0000,0x00000000ecb00000)
  to   space 3584K, 0% used [0x00000000ec400000,0x00000000ec400000,0x00000000ec780000)
 ParOldGen       total 68608K, used 29918K [0x00000000c0000000, 0x00000000c4300000, 0x00000000eab00000)
  object space 68608K, 43% used [0x00000000c0000000,0x00000000c1d37960,0x00000000c4300000)
 Metaspace       used 55862K, committed 56832K, reserved 1114112K
  class space    used 6231K, committed 6656K, reserved 1048576K
GC Heap History (20 events):
Event: 44.858 GC heap before
{Heap before GC invocations=13 (full 2):
 PSYoungGen      total 24576K, used 24064K [0x00000000eab00000, 0x00000000ec680000, 0x0000000100000000)
  eden space 24064K, 100% used [0x00000000eab00000,0x00000000ec280000,0x00000000ec280000)
  from space 512K, 0% used [0x00000000ec600000,0x00000000ec600000,0x00000000ec680000)
  to   space 1536K, 0% used [0x00000000ec380000,0x00000000ec380000,0x00000000ec500000)
 ParOldGen       total 68608K, used 12794K [0x00000000c0000000, 0x00000000c4300000, 0x00000000eab00000)
  object space 68608K, 18% used [0x00000000c0000000,0x00000000c0c7eaf8,0x00000000c4300000)
 Metaspace       used 36470K, committed 37248K, reserved 1114112K
  class space    used 3667K, committed 3968K, reserved 1048576K
}
Event: 44.865 GC heap after
{Heap after GC invocations=13 (full 2):
 PSYoungGen      total 25088K, used 1527K [0x00000000eab00000, 0x00000000ec680000, 0x0000000100000000)
  eden space 23552K, 0% used [0x00000000eab00000,0x00000000eab00000,0x00000000ec200000)
  from space 1536K, 99% used [0x00000000ec380000,0x00000000ec4fdfc0,0x00000000ec500000)
  to   space 1536K, 0% used [0x00000000ec500000,0x00000000ec500000,0x00000000ec680000)
 ParOldGen       total 68608K, used 13576K [0x00000000c0000000, 0x00000000c4300000, 0x00000000eab00000)
  object space 68608K, 19% used [0x00000000c0000000,0x00000000c0d42008,0x00000000c4300000)
 Metaspace       used 36470K, committed 37248K, reserved 1114112K
  class space    used 3667K, committed 3968K, reserved 1048576K
}
Event: 46.067 GC heap before
{Heap before GC invocations=14 (full 2):
 PSYoungGen      total 25088K, used 25079K [0x00000000eab00000, 0x00000000ec680000, 0x0000000100000000)
  eden space 23552K, 100% used [0x00000000eab00000,0x00000000ec200000,0x00000000ec200000)
  from space 1536K, 99% used [0x00000000ec380000,0x00000000ec4fdfc0,0x00000000ec500000)
  to   space 1536K, 0% used [0x00000000ec500000,0x00000000ec500000,0x00000000ec680000)
 ParOldGen       total 68608K, used 13576K [0x00000000c0000000, 0x00000000c4300000, 0x00000000eab00000)
  object space 68608K, 19% used [0x00000000c0000000,0x00000000c0d42008,0x00000000c4300000)
 Metaspace       used 38418K, committed 39232K, reserved 1114112K
  class space    used 3877K, committed 4160K, reserved 1048576K
}
Event: 46.074 GC heap after
{Heap after GC invocations=14 (full 2):
 PSYoungGen      total 24064K, used 914K [0x00000000eab00000, 0x00000000ec600000, 0x0000000100000000)
  eden space 23040K, 0% used [0x00000000eab00000,0x00000000eab00000,0x00000000ec180000)
  from space 1024K, 89% used [0x00000000ec500000,0x00000000ec5e4800,0x00000000ec600000)
  to   space 1536K, 0% used [0x00000000ec300000,0x00000000ec300000,0x00000000ec480000)
 ParOldGen       total 68608K, used 14919K [0x00000000c0000000, 0x00000000c4300000, 0x00000000eab00000)
  object space 68608K, 21% used [0x00000000c0000000,0x00000000c0e91d70,0x00000000c4300000)
 Metaspace       used 38418K, committed 39232K, reserved 1114112K
  class space    used 3877K, committed 4160K, reserved 1048576K
}
Event: 47.517 GC heap before
{Heap before GC invocations=15 (full 2):
 PSYoungGen      total 24064K, used 23954K [0x00000000eab00000, 0x00000000ec600000, 0x0000000100000000)
  eden space 23040K, 100% used [0x00000000eab00000,0x00000000ec180000,0x00000000ec180000)
  from space 1024K, 89% used [0x00000000ec500000,0x00000000ec5e4800,0x00000000ec600000)
  to   space 1536K, 0% used [0x00000000ec300000,0x00000000ec300000,0x00000000ec480000)
 ParOldGen       total 68608K, used 14919K [0x00000000c0000000, 0x00000000c4300000, 0x00000000eab00000)
  object space 68608K, 21% used [0x00000000c0000000,0x00000000c0e91d70,0x00000000c4300000)
 Metaspace       used 41342K, committed 42176K, reserved 1114112K
  class space    used 4243K, committed 4608K, reserved 1048576K
}
Event: 47.527 GC heap after
{Heap after GC invocations=15 (full 2):
 PSYoungGen      total 24064K, used 896K [0x00000000eab00000, 0x00000000ec580000, 0x0000000100000000)
  eden space 22528K, 0% used [0x00000000eab00000,0x00000000eab00000,0x00000000ec100000)
  from space 1536K, 58% used [0x00000000ec300000,0x00000000ec3e0000,0x00000000ec480000)
  to   space 1024K, 0% used [0x00000000ec480000,0x00000000ec480000,0x00000000ec580000)
 ParOldGen       total 68608K, used 15651K [0x00000000c0000000, 0x00000000c4300000, 0x00000000eab00000)
  object space 68608K, 22% used [0x00000000c0000000,0x00000000c0f48eb0,0x00000000c4300000)
 Metaspace       used 41342K, committed 42176K, reserved 1114112K
  class space    used 4243K, committed 4608K, reserved 1048576K
}
Event: 49.416 GC heap before
{Heap before GC invocations=16 (full 2):
 PSYoungGen      total 24064K, used 23424K [0x00000000eab00000, 0x00000000ec580000, 0x0000000100000000)
  eden space 22528K, 100% used [0x00000000eab00000,0x00000000ec100000,0x00000000ec100000)
  from space 1536K, 58% used [0x00000000ec300000,0x00000000ec3e0000,0x00000000ec480000)
  to   space 1024K, 0% used [0x00000000ec480000,0x00000000ec480000,0x00000000ec580000)
 ParOldGen       total 68608K, used 15651K [0x00000000c0000000, 0x00000000c4300000, 0x00000000eab00000)
  object space 68608K, 22% used [0x00000000c0000000,0x00000000c0f48eb0,0x00000000c4300000)
 Metaspace       used 43965K, committed 44864K, reserved 1114112K
  class space    used 4543K, committed 4928K, reserved 1048576K
}
Event: 49.434 GC heap after
{Heap after GC invocations=16 (full 2):
 PSYoungGen      total 23040K, used 1013K [0x00000000eab00000, 0x00000000ec580000, 0x0000000100000000)
  eden space 22016K, 0% used [0x00000000eab00000,0x00000000eab00000,0x00000000ec080000)
  from space 1024K, 98% used [0x00000000ec480000,0x00000000ec57d6a0,0x00000000ec580000)
  to   space 2560K, 0% used [0x00000000ec080000,0x00000000ec080000,0x00000000ec300000)
 ParOldGen       total 68608K, used 16741K [0x00000000c0000000, 0x00000000c4300000, 0x00000000eab00000)
  object space 68608K, 24% used [0x00000000c0000000,0x00000000c1059740,0x00000000c4300000)
 Metaspace       used 43965K, committed 44864K, reserved 1114112K
  class space    used 4543K, committed 4928K, reserved 1048576K
}
Event: 50.796 GC heap before
{Heap before GC invocations=17 (full 2):
 PSYoungGen      total 23040K, used 23029K [0x00000000eab00000, 0x00000000ec580000, 0x0000000100000000)
  eden space 22016K, 100% used [0x00000000eab00000,0x00000000ec080000,0x00000000ec080000)
  from space 1024K, 98% used [0x00000000ec480000,0x00000000ec57d6a0,0x00000000ec580000)
  to   space 2560K, 0% used [0x00000000ec080000,0x00000000ec080000,0x00000000ec300000)
 ParOldGen       total 68608K, used 16741K [0x00000000c0000000, 0x00000000c4300000, 0x00000000eab00000)
  object space 68608K, 24% used [0x00000000c0000000,0x00000000c1059740,0x00000000c4300000)
 Metaspace       used 46599K, committed 47616K, reserved 1114112K
  class space    used 4905K, committed 5376K, reserved 1048576K
}
Event: 50.803 GC heap after
{Heap after GC invocations=17 (full 2):
 PSYoungGen      total 24576K, used 928K [0x00000000eab00000, 0x00000000ec500000, 0x0000000100000000)
  eden space 22016K, 0% used [0x00000000eab00000,0x00000000eab00000,0x00000000ec080000)
  from space 2560K, 36% used [0x00000000ec080000,0x00000000ec168000,0x00000000ec300000)
  to   space 1536K, 0% used [0x00000000ec380000,0x00000000ec380000,0x00000000ec500000)
 ParOldGen       total 68608K, used 17758K [0x00000000c0000000, 0x00000000c4300000, 0x00000000eab00000)
  object space 68608K, 25% used [0x00000000c0000000,0x00000000c1157ac8,0x00000000c4300000)
 Metaspace       used 46599K, committed 47616K, reserved 1114112K
  class space    used 4905K, committed 5376K, reserved 1048576K
}
Event: 52.635 GC heap before
{Heap before GC invocations=18 (full 2):
 PSYoungGen      total 24576K, used 22944K [0x00000000eab00000, 0x00000000ec500000, 0x0000000100000000)
  eden space 22016K, 100% used [0x00000000eab00000,0x00000000ec080000,0x00000000ec080000)
  from space 2560K, 36% used [0x00000000ec080000,0x00000000ec168000,0x00000000ec300000)
  to   space 1536K, 0% used [0x00000000ec380000,0x00000000ec380000,0x00000000ec500000)
 ParOldGen       total 68608K, used 17758K [0x00000000c0000000, 0x00000000c4300000, 0x00000000eab00000)
  object space 68608K, 25% used [0x00000000c0000000,0x00000000c1157ac8,0x00000000c4300000)
 Metaspace       used 49174K, committed 50112K, reserved 1114112K
  class space    used 5252K, committed 5632K, reserved 1048576K
}
Event: 52.648 GC heap after
{Heap after GC invocations=18 (full 2):
 PSYoungGen      total 23552K, used 1312K [0x00000000eab00000, 0x00000000ec500000, 0x0000000100000000)
  eden space 22016K, 0% used [0x00000000eab00000,0x00000000eab00000,0x00000000ec080000)
  from space 1536K, 85% used [0x00000000ec380000,0x00000000ec4c8000,0x00000000ec500000)
  to   space 1536K, 0% used [0x00000000ec200000,0x00000000ec200000,0x00000000ec380000)
 ParOldGen       total 68608K, used 18653K [0x00000000c0000000, 0x00000000c4300000, 0x00000000eab00000)
  object space 68608K, 27% used [0x00000000c0000000,0x00000000c12377c8,0x00000000c4300000)
 Metaspace       used 49174K, committed 50112K, reserved 1114112K
  class space    used 5252K, committed 5632K, reserved 1048576K
}
Event: 54.619 GC heap before
{Heap before GC invocations=19 (full 2):
 PSYoungGen      total 23552K, used 23308K [0x00000000eab00000, 0x00000000ec500000, 0x0000000100000000)
  eden space 22016K, 99% used [0x00000000eab00000,0x00000000ec07b2c8,0x00000000ec080000)
  from space 1536K, 85% used [0x00000000ec380000,0x00000000ec4c8000,0x00000000ec500000)
  to   space 1536K, 0% used [0x00000000ec200000,0x00000000ec200000,0x00000000ec380000)
 ParOldGen       total 68608K, used 18653K [0x00000000c0000000, 0x00000000c4300000, 0x00000000eab00000)
  object space 68608K, 27% used [0x00000000c0000000,0x00000000c12377c8,0x00000000c4300000)
 Metaspace       used 51623K, committed 52608K, reserved 1114112K
  class space    used 5563K, committed 5952K, reserved 1048576K
}
Event: 54.631 GC heap after
{Heap after GC invocations=19 (full 2):
 PSYoungGen      total 23552K, used 1527K [0x00000000eab00000, 0x00000000ec780000, 0x0000000100000000)
  eden space 22016K, 0% used [0x00000000eab00000,0x00000000eab00000,0x00000000ec080000)
  from space 1536K, 99% used [0x00000000ec200000,0x00000000ec37dc60,0x00000000ec380000)
  to   space 3584K, 0% used [0x00000000ec400000,0x00000000ec400000,0x00000000ec780000)
 ParOldGen       total 68608K, used 20259K [0x00000000c0000000, 0x00000000c4300000, 0x00000000eab00000)
  object space 68608K, 29% used [0x00000000c0000000,0x00000000c13c8c90,0x00000000c4300000)
 Metaspace       used 51623K, committed 52608K, reserved 1114112K
  class space    used 5563K, committed 5952K, reserved 1048576K
}
Event: 64.014 GC heap before
{Heap before GC invocations=20 (full 2):
 PSYoungGen      total 23552K, used 23543K [0x00000000eab00000, 0x00000000ec780000, 0x0000000100000000)
  eden space 22016K, 100% used [0x00000000eab00000,0x00000000ec080000,0x00000000ec080000)
  from space 1536K, 99% used [0x00000000ec200000,0x00000000ec37dc60,0x00000000ec380000)
  to   space 3584K, 0% used [0x00000000ec400000,0x00000000ec400000,0x00000000ec780000)
 ParOldGen       total 68608K, used 20259K [0x00000000c0000000, 0x00000000c4300000, 0x00000000eab00000)
  object space 68608K, 29% used [0x00000000c0000000,0x00000000c13c8c90,0x00000000c4300000)
 Metaspace       used 53899K, committed 54848K, reserved 1114112K
  class space    used 5899K, committed 6336K, reserved 1048576K
}
Event: 64.024 GC heap after
{Heap after GC invocations=20 (full 2):
 PSYoungGen      total 23552K, used 1221K [0x00000000eab00000, 0x00000000ec580000, 0x0000000100000000)
  eden space 22016K, 0% used [0x00000000eab00000,0x00000000eab00000,0x00000000ec080000)
  from space 1536K, 79% used [0x00000000ec400000,0x00000000ec531540,0x00000000ec580000)
  to   space 2048K, 0% used [0x00000000ec180000,0x00000000ec180000,0x00000000ec380000)
 ParOldGen       total 68608K, used 21777K [0x00000000c0000000, 0x00000000c4300000, 0x00000000eab00000)
  object space 68608K, 31% used [0x00000000c0000000,0x00000000c15447b8,0x00000000c4300000)
 Metaspace       used 53899K, committed 54848K, reserved 1114112K
  class space    used 5899K, committed 6336K, reserved 1048576K
}
Event: 93.617 GC heap before
{Heap before GC invocations=21 (full 2):
 PSYoungGen      total 23552K, used 23237K [0x00000000eab00000, 0x00000000ec580000, 0x0000000100000000)
  eden space 22016K, 100% used [0x00000000eab00000,0x00000000ec080000,0x00000000ec080000)
  from space 1536K, 79% used [0x00000000ec400000,0x00000000ec531540,0x00000000ec580000)
  to   space 2048K, 0% used [0x00000000ec180000,0x00000000ec180000,0x00000000ec380000)
 ParOldGen       total 68608K, used 21777K [0x00000000c0000000, 0x00000000c4300000, 0x00000000eab00000)
  object space 68608K, 31% used [0x00000000c0000000,0x00000000c15447b8,0x00000000c4300000)
 Metaspace       used 55114K, committed 56128K, reserved 1114112K
  class space    used 6131K, committed 6592K, reserved 1048576K
}
Event: 93.647 GC heap after
{Heap after GC invocations=21 (full 2):
 PSYoungGen      total 24064K, used 2042K [0x00000000eab00000, 0x00000000ed380000, 0x0000000100000000)
  eden space 22016K, 0% used [0x00000000eab00000,0x00000000eab00000,0x00000000ec080000)
  from space 2048K, 99% used [0x00000000ec180000,0x00000000ec37e828,0x00000000ec380000)
  to   space 9728K, 0% used [0x00000000eca00000,0x00000000eca00000,0x00000000ed380000)
 ParOldGen       total 68608K, used 27880K [0x00000000c0000000, 0x00000000c4300000, 0x00000000eab00000)
  object space 68608K, 40% used [0x00000000c0000000,0x00000000c1b3a3f8,0x00000000c4300000)
 Metaspace       used 55114K, committed 56128K, reserved 1114112K
  class space    used 6131K, committed 6592K, reserved 1048576K
}
Event: 101.578 GC heap before
{Heap before GC invocations=22 (full 2):
 PSYoungGen      total 24064K, used 24058K [0x00000000eab00000, 0x00000000ed380000, 0x0000000100000000)
  eden space 22016K, 100% used [0x00000000eab00000,0x00000000ec080000,0x00000000ec080000)
  from space 2048K, 99% used [0x00000000ec180000,0x00000000ec37e828,0x00000000ec380000)
  to   space 9728K, 0% used [0x00000000eca00000,0x00000000eca00000,0x00000000ed380000)
 ParOldGen       total 68608K, used 27880K [0x00000000c0000000, 0x00000000c4300000, 0x00000000eab00000)
  object space 68608K, 40% used [0x00000000c0000000,0x00000000c1b3a3f8,0x00000000c4300000)
 Metaspace       used 55846K, committed 56832K, reserved 1114112K
  class space    used 6231K, committed 6656K, reserved 1048576K
}
Event: 101.595 GC heap after
{Heap after GC invocations=22 (full 2):
 PSYoungGen      total 23040K, used 640K [0x00000000eab00000, 0x00000000ecb00000, 0x0000000100000000)
  eden space 22016K, 0% used [0x00000000eab00000,0x00000000eab00000,0x00000000ec080000)
  from space 1024K, 62% used [0x00000000eca00000,0x00000000ecaa0000,0x00000000ecb00000)
  to   space 3584K, 0% used [0x00000000ec400000,0x00000000ec400000,0x00000000ec780000)
 ParOldGen       total 68608K, used 29918K [0x00000000c0000000, 0x00000000c4300000, 0x00000000eab00000)
  object space 68608K, 43% used [0x00000000c0000000,0x00000000c1d37960,0x00000000c4300000)
 Metaspace       used 55846K, committed 56832K, reserved 1114112K
  class space    used 6231K, committed 6656K, reserved 1048576K
}

